<?xml version="1.0" encoding="UTF-8"?>
<!-- Generated by org.testng.reporters.JUnitXMLReporter -->
<testsuite hostname="PXL201401134" name="ASIGNACIONES_SMOKE" tests="4" failures="0" timestamp="21 Aug 2015 17:07:34 GMT" time="140.469" errors="0">
  <testcase name="signOn" time="14.371" classname="com.praxis.siho.test.smoke.ModuloAsignacionesSmokeTest"/>
  <testcase name="casoAgregarLineaTecnologica" time="5.178" classname="com.praxis.siho.test.smoke.ModuloAsignacionesSmokeTest"/>
  <testcase name="casoEditarLineaTecnologica" time="46.065" classname="com.praxis.siho.test.smoke.ModuloAsignacionesSmokeTest"/>
  <testcase name="casoBorrarLineaTecnologica" time="59.589" classname="com.praxis.siho.test.smoke.ModuloAsignacionesSmokeTest"/>
</testsuite>
