<?xml version="1.0" encoding="UTF-8"?>
<!-- Generated by org.testng.reporters.JUnitXMLReporter -->
<testsuite hostname="PXL201401134" name="PSP_SMOKE" tests="7" failures="1" timestamp="21 Aug 2015 17:09:39 GMT" time="125.281" errors="0">
  <testcase name="signOn" time="12.526" classname="com.praxis.siho.test.smoke.PspSmokeTest"/>
  <testcase name="casoAgregarACatalogoNivelFaseAct" time="18.006" classname="com.praxis.siho.test.smoke.PspSmokeTest"/>
  <testcase name="casoAgregarNuevaConfiguracionProyecto" time="4.31" classname="com.praxis.siho.test.smoke.PspSmokeTest">
    <failure type="java.lang.AssertionError" message="expected:&amp;lt;Registro almacenado correctamente.&amp;gt; but was:&amp;lt;Nombre del ciclo existente para el proyecto seleccionado, Ingresa uno diferente.&amp;gt;">
      <![CDATA[java.lang.AssertionError: expected:<Registro almacenado correctamente.> but was:<Nombre del ciclo existente para el proyecto seleccionado, Ingresa uno diferente.>
	at com.praxis.siho.test.smoke.PspSmokeTest.casoAgregarNuevaConfiguracionProyecto(PspSmokeTest.java:44)
	at org.apache.maven.surefire.testng.TestNGExecutor.run(TestNGExecutor.java:122)
	at org.apache.maven.surefire.testng.TestNGXmlTestSuite.execute(TestNGXmlTestSuite.java:92)
	at org.apache.maven.surefire.testng.TestNGProvider.invoke(TestNGProvider.java:101)
	at org.apache.maven.surefire.util.ReflectionUtils.invokeMethodWithArray(ReflectionUtils.java:164)
	at org.apache.maven.surefire.booter.ProviderFactory$ProviderProxy.invoke(ProviderFactory.java:110)
	at org.apache.maven.surefire.booter.SurefireStarter.invokeProvider(SurefireStarter.java:172)
	at org.apache.maven.surefire.booter.SurefireStarter.runSuitesInProcessWhenForked(SurefireStarter.java:104)
	at org.apache.maven.surefire.booter.ForkedBooter.main(ForkedBooter.java:70)
... Removed 30 stack frames]]>
    </failure>
  </testcase>
  <testcase name="casoCapturarDefectos" time="18.066" classname="com.praxis.siho.test.smoke.PspSmokeTest"/>
  <testcase name="casoEstimacionDeTamanio" time="34.847" classname="com.praxis.siho.test.smoke.PspSmokeTest"/>
  <testcase name="casoAgregarDefectos" time="11.041" classname="com.praxis.siho.test.smoke.PspSmokeTest"/>
  <testcase name="casoBorrarDeCatalogoNivelFaseAct" time="24.797" classname="com.praxis.siho.test.smoke.PspSmokeTest"/>
</testsuite>
