<?xml version="1.0" encoding="UTF-8" ?>
<testsuite failures="1" time="266.464" errors="0" skipped="0" tests="11" name="TestSuite">
  <properties>
[...]
</properties>
  <testcase time="14.37" classname="com.praxis.siho.test.smoke.ModuloAsignacionesSmokeTest" name="signOn"/>
  <testcase time="5.177" classname="com.praxis.siho.test.smoke.ModuloAsignacionesSmokeTest" name="casoAgregarLineaTecnologica"/>
  <testcase time="46.066" classname="com.praxis.siho.test.smoke.ModuloAsignacionesSmokeTest" name="casoEditarLineaTecnologica"/>
  <testcase time="59.59" classname="com.praxis.siho.test.smoke.ModuloAsignacionesSmokeTest" name="casoBorrarLineaTecnologica"/>
  <testcase time="12.527" classname="com.praxis.siho.test.smoke.PspSmokeTest" name="signOn"/>
  <testcase time="18.008" classname="com.praxis.siho.test.smoke.PspSmokeTest" name="casoAgregarACatalogoNivelFaseAct"/>
  <testcase time="4.312" classname="com.praxis.siho.test.smoke.PspSmokeTest" name="casoAgregarNuevaConfiguracionProyecto">
    <failure message="expected:&lt;Registro almacenado correctamente.&gt; but was:&lt;Nombre del ciclo existente para el proyecto seleccionado, Ingresa uno diferente.&gt;" type="java.lang.AssertionError">java.lang.AssertionError: expected:&lt;Registro almacenado correctamente.&gt; but was:&lt;Nombre del ciclo existente para el proyecto seleccionado, Ingresa uno diferente.&gt;
	at org.testng.Assert.fail(Assert.java:89)
	at org.testng.Assert.failNotEquals(Assert.java:489)
	at org.testng.Assert.assertEquals(Assert.java:118)
	at org.testng.Assert.assertEquals(Assert.java:171)
	at org.testng.Assert.assertEquals(Assert.java:181)
	at com.praxis.siho.test.smoke.PspSmokeTest.casoAgregarNuevaConfiguracionProyecto(PspSmokeTest.java:44)
</failure>
    <system-out>____________________________________________________
[test case: casoAgregarNuevaConfiguracionProyecto]
almost done
about to send: Nombre del ciclo existente para el proyecto seleccionado, Ingresa uno diferente.
</system-out>
  </testcase>
  <testcase time="18.066" classname="com.praxis.siho.test.smoke.PspSmokeTest" name="casoCapturarDefectos"/>
  <testcase time="34.847" classname="com.praxis.siho.test.smoke.PspSmokeTest" name="casoEstimacionDeTamanio"/>
  <testcase time="11.041" classname="com.praxis.siho.test.smoke.PspSmokeTest" name="casoAgregarDefectos"/>
  <testcase time="24.798" classname="com.praxis.siho.test.smoke.PspSmokeTest" name="casoBorrarDeCatalogoNivelFaseAct"/>
</testsuite>