<?xml version="1.0" encoding="UTF-8"?>
<testng-results skipped="0" failed="1" total="11" passed="10">
  <reporter-output>
  </reporter-output>
  <suite name="Test All Smoke" duration-ms="265757" started-at="2015-08-21T12:05:13Z" finished-at="2015-08-21T12:09:39Z">
    <groups>
      <group name="PSP">
        <method signature="PspSmokeTest.casoAgregarACatalogoNivelFaseAct()[pri:2, instance:com.praxis.siho.test.smoke.PspSmokeTest@2ab95c08]" name="casoAgregarACatalogoNivelFaseAct" class="com.praxis.siho.test.smoke.PspSmokeTest"/>
        <method signature="PspSmokeTest.casoAgregarDefectos()[pri:3, instance:com.praxis.siho.test.smoke.PspSmokeTest@2ab95c08]" name="casoAgregarDefectos" class="com.praxis.siho.test.smoke.PspSmokeTest"/>
        <method signature="PspSmokeTest.casoAgregarNuevaConfiguracionProyecto()[pri:2, instance:com.praxis.siho.test.smoke.PspSmokeTest@2ab95c08]" name="casoAgregarNuevaConfiguracionProyecto" class="com.praxis.siho.test.smoke.PspSmokeTest"/>
        <method signature="PspSmokeTest.casoBorrarDeCatalogoNivelFaseAct()[pri:3, instance:com.praxis.siho.test.smoke.PspSmokeTest@2ab95c08]" name="casoBorrarDeCatalogoNivelFaseAct" class="com.praxis.siho.test.smoke.PspSmokeTest"/>
        <method signature="PspSmokeTest.casoCapturarDefectos()[pri:2, instance:com.praxis.siho.test.smoke.PspSmokeTest@2ab95c08]" name="casoCapturarDefectos" class="com.praxis.siho.test.smoke.PspSmokeTest"/>
        <method signature="PspSmokeTest.casoEstimacionDeTamanio()[pri:2, instance:com.praxis.siho.test.smoke.PspSmokeTest@2ab95c08]" name="casoEstimacionDeTamanio" class="com.praxis.siho.test.smoke.PspSmokeTest"/>
        <method signature="PspSmokeTest.signOn(java.lang.String, java.lang.String)[pri:1, instance:com.praxis.siho.test.smoke.PspSmokeTest@2ab95c08]" name="signOn" class="com.praxis.siho.test.smoke.PspSmokeTest"/>
      </group>
      <group name="SMOKE">
        <method signature="ModuloAsignacionesSmokeTest.casoAgregarLineaTecnologica()[pri:2, instance:com.praxis.siho.test.smoke.ModuloAsignacionesSmokeTest@2ceec3d5]" name="casoAgregarLineaTecnologica" class="com.praxis.siho.test.smoke.ModuloAsignacionesSmokeTest"/>
        <method signature="ModuloAsignacionesSmokeTest.casoBorrarLineaTecnologica()[pri:4, instance:com.praxis.siho.test.smoke.ModuloAsignacionesSmokeTest@2ceec3d5]" name="casoBorrarLineaTecnologica" class="com.praxis.siho.test.smoke.ModuloAsignacionesSmokeTest"/>
        <method signature="ModuloAsignacionesSmokeTest.casoEditarLineaTecnologica()[pri:3, instance:com.praxis.siho.test.smoke.ModuloAsignacionesSmokeTest@2ceec3d5]" name="casoEditarLineaTecnologica" class="com.praxis.siho.test.smoke.ModuloAsignacionesSmokeTest"/>
        <method signature="ModuloAsignacionesSmokeTest.signOn(java.lang.String, java.lang.String)[pri:1, instance:com.praxis.siho.test.smoke.ModuloAsignacionesSmokeTest@2ceec3d5]" name="signOn" class="com.praxis.siho.test.smoke.ModuloAsignacionesSmokeTest"/>
        <method signature="PspSmokeTest.casoAgregarACatalogoNivelFaseAct()[pri:2, instance:com.praxis.siho.test.smoke.PspSmokeTest@2ab95c08]" name="casoAgregarACatalogoNivelFaseAct" class="com.praxis.siho.test.smoke.PspSmokeTest"/>
        <method signature="PspSmokeTest.casoAgregarDefectos()[pri:3, instance:com.praxis.siho.test.smoke.PspSmokeTest@2ab95c08]" name="casoAgregarDefectos" class="com.praxis.siho.test.smoke.PspSmokeTest"/>
        <method signature="PspSmokeTest.casoAgregarNuevaConfiguracionProyecto()[pri:2, instance:com.praxis.siho.test.smoke.PspSmokeTest@2ab95c08]" name="casoAgregarNuevaConfiguracionProyecto" class="com.praxis.siho.test.smoke.PspSmokeTest"/>
        <method signature="PspSmokeTest.casoBorrarDeCatalogoNivelFaseAct()[pri:3, instance:com.praxis.siho.test.smoke.PspSmokeTest@2ab95c08]" name="casoBorrarDeCatalogoNivelFaseAct" class="com.praxis.siho.test.smoke.PspSmokeTest"/>
        <method signature="PspSmokeTest.casoCapturarDefectos()[pri:2, instance:com.praxis.siho.test.smoke.PspSmokeTest@2ab95c08]" name="casoCapturarDefectos" class="com.praxis.siho.test.smoke.PspSmokeTest"/>
        <method signature="PspSmokeTest.casoEstimacionDeTamanio()[pri:2, instance:com.praxis.siho.test.smoke.PspSmokeTest@2ab95c08]" name="casoEstimacionDeTamanio" class="com.praxis.siho.test.smoke.PspSmokeTest"/>
        <method signature="PspSmokeTest.signOn(java.lang.String, java.lang.String)[pri:1, instance:com.praxis.siho.test.smoke.PspSmokeTest@2ab95c08]" name="signOn" class="com.praxis.siho.test.smoke.PspSmokeTest"/>
      </group>
      <group name="ASIGNACIONES">
        <method signature="ModuloAsignacionesSmokeTest.casoAgregarLineaTecnologica()[pri:2, instance:com.praxis.siho.test.smoke.ModuloAsignacionesSmokeTest@2ceec3d5]" name="casoAgregarLineaTecnologica" class="com.praxis.siho.test.smoke.ModuloAsignacionesSmokeTest"/>
        <method signature="ModuloAsignacionesSmokeTest.casoBorrarLineaTecnologica()[pri:4, instance:com.praxis.siho.test.smoke.ModuloAsignacionesSmokeTest@2ceec3d5]" name="casoBorrarLineaTecnologica" class="com.praxis.siho.test.smoke.ModuloAsignacionesSmokeTest"/>
        <method signature="ModuloAsignacionesSmokeTest.casoEditarLineaTecnologica()[pri:3, instance:com.praxis.siho.test.smoke.ModuloAsignacionesSmokeTest@2ceec3d5]" name="casoEditarLineaTecnologica" class="com.praxis.siho.test.smoke.ModuloAsignacionesSmokeTest"/>
        <method signature="ModuloAsignacionesSmokeTest.signOn(java.lang.String, java.lang.String)[pri:1, instance:com.praxis.siho.test.smoke.ModuloAsignacionesSmokeTest@2ceec3d5]" name="signOn" class="com.praxis.siho.test.smoke.ModuloAsignacionesSmokeTest"/>
      </group>
    </groups>
    <test name="PSP_SMOKE" duration-ms="125281" started-at="2015-08-21T12:07:34Z" finished-at="2015-08-21T12:09:39Z">
      <class name="com.praxis.siho.test.smoke.PspSmokeTest">
        <test-method status="PASS" signature="beforeClass()[pri:0, instance:com.praxis.siho.test.smoke.PspSmokeTest@2ab95c08]" name="beforeClass" is-config="true" duration-ms="1399" started-at="2015-08-21T12:07:34Z" finished-at="2015-08-21T12:07:35Z">
        </test-method>
        <test-method status="PASS" signature="signOn(java.lang.String, java.lang.String)[pri:1, instance:com.praxis.siho.test.smoke.PspSmokeTest@2ab95c08]" name="signOn" duration-ms="12526" started-at="2015-08-21T12:07:35Z" finished-at="2015-08-21T12:07:48Z">
          <params>
            <param index="0">
              <value>
                <![CDATA[RALA]]>
              </value>
            </param>
            <param index="1">
              <value>
                <![CDATA[12345678]]>
              </value>
            </param>
          </params>
        </test-method>
        <test-method status="PASS" signature="casoAgregarACatalogoNivelFaseAct()[pri:2, instance:com.praxis.siho.test.smoke.PspSmokeTest@2ab95c08]" name="casoAgregarACatalogoNivelFaseAct" duration-ms="18006" started-at="2015-08-21T12:07:48Z" finished-at="2015-08-21T12:08:06Z">
        </test-method>
        <test-method status="FAIL" signature="casoAgregarNuevaConfiguracionProyecto()[pri:2, instance:com.praxis.siho.test.smoke.PspSmokeTest@2ab95c08]" name="casoAgregarNuevaConfiguracionProyecto" duration-ms="4310" started-at="2015-08-21T12:08:06Z" finished-at="2015-08-21T12:08:10Z">
          <exception class="java.lang.AssertionError">
            <message>
              <![CDATA[expected:<Registro almacenado correctamente.> but was:<Nombre del ciclo existente para el proyecto seleccionado, Ingresa uno diferente.>]]>
            </message>
            <full-stacktrace>
              <![CDATA[java.lang.AssertionError: expected:<Registro almacenado correctamente.> but was:<Nombre del ciclo existente para el proyecto seleccionado, Ingresa uno diferente.>
	at org.testng.Assert.fail(Assert.java:89)
	at org.testng.Assert.failNotEquals(Assert.java:489)
	at org.testng.Assert.assertEquals(Assert.java:118)
	at org.testng.Assert.assertEquals(Assert.java:171)
	at org.testng.Assert.assertEquals(Assert.java:181)
	at com.praxis.siho.test.smoke.PspSmokeTest.casoAgregarNuevaConfiguracionProyecto(PspSmokeTest.java:44)
	at sun.reflect.NativeMethodAccessorImpl.invoke0(Native Method)
	at sun.reflect.NativeMethodAccessorImpl.invoke(NativeMethodAccessorImpl.java:57)
	at sun.reflect.DelegatingMethodAccessorImpl.invoke(DelegatingMethodAccessorImpl.java:43)
	at java.lang.reflect.Method.invoke(Method.java:606)
	at org.testng.internal.MethodInvocationHelper.invokeMethod(MethodInvocationHelper.java:80)
	at org.testng.internal.Invoker.invokeMethod(Invoker.java:691)
	at org.testng.internal.Invoker.invokeTestMethod(Invoker.java:883)
	at org.testng.internal.Invoker.invokeTestMethods(Invoker.java:1208)
	at org.testng.internal.TestMethodWorker.invokeTestMethods(TestMethodWorker.java:127)
	at org.testng.internal.TestMethodWorker.run(TestMethodWorker.java:111)
	at org.testng.TestRunner.privateRun(TestRunner.java:758)
	at org.testng.TestRunner.run(TestRunner.java:613)
	at org.testng.SuiteRunner.runTest(SuiteRunner.java:334)
	at org.testng.SuiteRunner.runSequentially(SuiteRunner.java:329)
	at org.testng.SuiteRunner.privateRun(SuiteRunner.java:291)
	at org.testng.SuiteRunner.run(SuiteRunner.java:240)
	at org.testng.SuiteRunnerWorker.runSuite(SuiteRunnerWorker.java:53)
	at org.testng.SuiteRunnerWorker.run(SuiteRunnerWorker.java:87)
	at org.testng.TestNG.runSuitesSequentially(TestNG.java:1137)
	at org.testng.TestNG.runSuitesLocally(TestNG.java:1062)
	at org.testng.TestNG.run(TestNG.java:974)
	at org.apache.maven.surefire.testng.TestNGExecutor.run(TestNGExecutor.java:122)
	at org.apache.maven.surefire.testng.TestNGXmlTestSuite.execute(TestNGXmlTestSuite.java:92)
	at org.apache.maven.surefire.testng.TestNGProvider.invoke(TestNGProvider.java:101)
	at sun.reflect.NativeMethodAccessorImpl.invoke0(Native Method)
	at sun.reflect.NativeMethodAccessorImpl.invoke(NativeMethodAccessorImpl.java:57)
	at sun.reflect.DelegatingMethodAccessorImpl.invoke(DelegatingMethodAccessorImpl.java:43)
	at java.lang.reflect.Method.invoke(Method.java:606)
	at org.apache.maven.surefire.util.ReflectionUtils.invokeMethodWithArray(ReflectionUtils.java:164)
	at org.apache.maven.surefire.booter.ProviderFactory$ProviderProxy.invoke(ProviderFactory.java:110)
	at org.apache.maven.surefire.booter.SurefireStarter.invokeProvider(SurefireStarter.java:172)
	at org.apache.maven.surefire.booter.SurefireStarter.runSuitesInProcessWhenForked(SurefireStarter.java:104)
	at org.apache.maven.surefire.booter.ForkedBooter.main(ForkedBooter.java:70)
]]>
            </full-stacktrace>
          </exception>
        </test-method>
        <test-method status="PASS" signature="casoCapturarDefectos()[pri:2, instance:com.praxis.siho.test.smoke.PspSmokeTest@2ab95c08]" name="casoCapturarDefectos" duration-ms="18066" started-at="2015-08-21T12:08:10Z" finished-at="2015-08-21T12:08:28Z">
        </test-method>
        <test-method status="PASS" signature="casoEstimacionDeTamanio()[pri:2, instance:com.praxis.siho.test.smoke.PspSmokeTest@2ab95c08]" name="casoEstimacionDeTamanio" duration-ms="34847" started-at="2015-08-21T12:08:28Z" finished-at="2015-08-21T12:09:03Z">
        </test-method>
        <test-method status="PASS" signature="casoAgregarDefectos()[pri:3, instance:com.praxis.siho.test.smoke.PspSmokeTest@2ab95c08]" name="casoAgregarDefectos" duration-ms="11041" started-at="2015-08-21T12:09:03Z" finished-at="2015-08-21T12:09:14Z">
        </test-method>
        <test-method status="PASS" signature="casoBorrarDeCatalogoNivelFaseAct()[pri:3, instance:com.praxis.siho.test.smoke.PspSmokeTest@2ab95c08]" name="casoBorrarDeCatalogoNivelFaseAct" duration-ms="24797" started-at="2015-08-21T12:09:14Z" finished-at="2015-08-21T12:09:39Z">
        </test-method>
        <test-method status="PASS" signature="afterClass()[pri:0, instance:com.praxis.siho.test.smoke.PspSmokeTest@2ab95c08]" name="afterClass" is-config="true" duration-ms="279" started-at="2015-08-21T12:09:39Z" finished-at="2015-08-21T12:09:39Z">
        </test-method>
      </class>
    </test>
    <test name="ASIGNACIONES_SMOKE" duration-ms="140469" started-at="2015-08-21T12:05:13Z" finished-at="2015-08-21T12:07:34Z">
      <class name="com.praxis.siho.test.smoke.ModuloAsignacionesSmokeTest">
        <test-method status="PASS" signature="beforeClass()[pri:0, instance:com.praxis.siho.test.smoke.ModuloAsignacionesSmokeTest@2ceec3d5]" name="beforeClass" is-config="true" duration-ms="14445" started-at="2015-08-21T12:05:13Z" finished-at="2015-08-21T12:05:28Z">
        </test-method>
        <test-method status="PASS" signature="signOn(java.lang.String, java.lang.String)[pri:1, instance:com.praxis.siho.test.smoke.ModuloAsignacionesSmokeTest@2ceec3d5]" name="signOn" duration-ms="14371" started-at="2015-08-21T12:05:28Z" finished-at="2015-08-21T12:05:42Z">
          <params>
            <param index="0">
              <value>
                <![CDATA[RALA]]>
              </value>
            </param>
            <param index="1">
              <value>
                <![CDATA[12345678]]>
              </value>
            </param>
          </params>
        </test-method>
        <test-method status="PASS" signature="casoAgregarLineaTecnologica()[pri:2, instance:com.praxis.siho.test.smoke.ModuloAsignacionesSmokeTest@2ceec3d5]" name="casoAgregarLineaTecnologica" duration-ms="5178" started-at="2015-08-21T12:05:42Z" finished-at="2015-08-21T12:05:47Z">
        </test-method>
        <test-method status="PASS" signature="casoEditarLineaTecnologica()[pri:3, instance:com.praxis.siho.test.smoke.ModuloAsignacionesSmokeTest@2ceec3d5]" name="casoEditarLineaTecnologica" duration-ms="46065" started-at="2015-08-21T12:05:47Z" finished-at="2015-08-21T12:06:33Z">
        </test-method>
        <test-method status="PASS" signature="casoBorrarLineaTecnologica()[pri:4, instance:com.praxis.siho.test.smoke.ModuloAsignacionesSmokeTest@2ceec3d5]" name="casoBorrarLineaTecnologica" duration-ms="59589" started-at="2015-08-21T12:06:33Z" finished-at="2015-08-21T12:07:33Z">
        </test-method>
        <test-method status="PASS" signature="afterClass()[pri:0, instance:com.praxis.siho.test.smoke.ModuloAsignacionesSmokeTest@2ceec3d5]" name="afterClass" is-config="true" duration-ms="804" started-at="2015-08-21T12:07:33Z" finished-at="2015-08-21T12:07:34Z">
        </test-method>
      </class>
    </test>
  </suite>
</testng-results>
